[4.229s] Invoking command in '/mnt/d/AIS Project/vrc-robot-control/ros2_ws/src/build/vrc_system': PYTHONPATH=/mnt/d/AIS Project/vrc-robot-control/ros2_ws/src/build/vrc_system/prefix_override:/usr/lib/python3/dist-packages/colcon_core/task/python/colcon_distutils_commands:/mnt/d/AIS Project/vrc-robot-control/ros2_ws/src/install/vrc_system/lib/python3.10/site-packages:${PYTHONPATH} /usr/bin/python3 -W ignore:setup.py install is deprecated -W ignore:easy_install command is deprecated setup.py develop --editable --build-directory /mnt/d/AIS Project/vrc-robot-control/ros2_ws/src/build/vrc_system/build --no-deps symlink_data
[6.030s] running develop
[6.598s] running egg_info
[6.601s] writing vrc_system.egg-info/PKG-INFO
[6.606s] writing dependency_links to vrc_system.egg-info/dependency_links.txt
[6.612s] writing entry points to vrc_system.egg-info/entry_points.txt
[6.617s] writing requirements to vrc_system.egg-info/requires.txt
[6.621s] writing top-level names to vrc_system.egg-info/top_level.txt
[6.726s] reading manifest file 'vrc_system.egg-info/SOURCES.txt'
[6.866s] writing manifest file 'vrc_system.egg-info/SOURCES.txt'
[6.891s] running build_ext
[6.892s] Creating /mnt/d/AIS Project/vrc-robot-control/ros2_ws/src/install/vrc_system/lib/python3.10/site-packages/vrc-system.egg-link (link to .)
[6.920s] Installing asr_node script to /mnt/d/AIS Project/vrc-robot-control/ros2_ws/src/install/vrc_system/lib/vrc_system
[6.954s] Installing audio_input_node script to /mnt/d/AIS Project/vrc-robot-control/ros2_ws/src/install/vrc_system/lib/vrc_system
[6.974s] Installing command_node script to /mnt/d/AIS Project/vrc-robot-control/ros2_ws/src/install/vrc_system/lib/vrc_system
[7.000s] Installing intent_node script to /mnt/d/AIS Project/vrc-robot-control/ros2_ws/src/install/vrc_system/lib/vrc_system
[7.025s] Installing state_machine_node script to /mnt/d/AIS Project/vrc-robot-control/ros2_ws/src/install/vrc_system/lib/vrc_system
[7.058s] 
[7.059s] Installed /mnt/d/AIS Project/vrc-robot-control/ros2_ws/src/build/vrc_system
[7.063s] running symlink_data
[7.283s] Invoked command in '/mnt/d/AIS Project/vrc-robot-control/ros2_ws/src/build/vrc_system' returned '0': PYTHONPATH=/mnt/d/AIS Project/vrc-robot-control/ros2_ws/src/build/vrc_system/prefix_override:/usr/lib/python3/dist-packages/colcon_core/task/python/colcon_distutils_commands:/mnt/d/AIS Project/vrc-robot-control/ros2_ws/src/install/vrc_system/lib/python3.10/site-packages:${PYTHONPATH} /usr/bin/python3 -W ignore:setup.py install is deprecated -W ignore:easy_install command is deprecated setup.py develop --editable --build-directory /mnt/d/AIS Project/vrc-robot-control/ros2_ws/src/build/vrc_system/build --no-deps symlink_data
